Arguments: 
  C:\Program Files\nodejs\node.exe C:\Users\399469\AppData\Roaming\npm\node_modules\yarn\bin\yarn.js add bcrypt

PATH: 
  C:\Program Files (x86)\Common Files\Oracle\Java\javapath;C:\Windows\system32;C:\Windows;C:\Windows\System32\Wbem;C:\Windows\System32\WindowsPowerShell\v1.0\;C:\Windows\System32\OpenSSH\;C:\Program Files\Git\cmd;C:\Program Files\Microsoft SQL Server\150\Tools\Binn\;C:\Program Files\Microsoft SQL Server\Client SDK\ODBC\170\Tools\Binn\;C:\Program Files\dotnet\;C:\Program Files\Docker\Docker\resources\bin;C:\Program Files (x86)\Microsoft SQL Server\160\DTS\Binn\;C:\Program Files\Azure Data Studio\bin;C:\Program Files\nodejs\;C:\Users\399469\AppData\Local\Microsoft\WindowsApps;C:\Users\399469\AppData\Local\Programs\Microsoft VS Code\bin;C:\Users\399469\.dotnet\tools;F:\flutter_windows_3.3.10-stable\flutter\bin;;C:\Program Files\Azure Data Studio\bin;C:\Users\399469\AppData\Roaming\npm

Yarn version: 
  1.22.19

Node version: 
  18.15.0

Platform: 
  win32 x64

Trace: 
  Error: unable to get local issuer certificate
      at TLSSocket.onConnectSecure (node:_tls_wrap:1540:34)
      at TLSSocket.emit (node:events:513:28)
      at TLSSocket._finishInit (node:_tls_wrap:959:8)
      at ssl.onhandshakedone (node:_tls_wrap:743:12)

npm manifest: 
  {
    "name": "server",
    "version": "0.0.1",
    "description": "Word App Web API",
    "main": "app.js",
    "scripts": {
      "first-dev": "git pull && npm uninstall bcrypt && npm install bcrypt && nodemon app.js",
      "dev": "nodemon app.js"
    },
    "author": "Abdullah SEVMEZ",
    "license": "ISC",
    "dependencies": {
      "body-parser": "^1.20.1",
      "cors": "^2.8.5",
      "dotenv": "^16.0.3",
      "express": "^4.18.2",
      "express-handlebars": "^6.0.7",
      "handlebars": "^4.7.7",
      "helmet": "^6.0.1",
      "jsonwebtoken": "^9.0.0",
      "mongoose": "^6.8.4",
      "morgan": "^1.10.0",
      "multer": "^1.4.5-lts.1",
      "nodemailer": "^6.9.1",
      "nodemon": "^2.0.20",
      "randomatic": "^3.1.1",
      "socket.io": "^4.5.4",
      "swagger-ui-express": "^4.6.2"
    }
  }

yarn manifest: 
  No manifest

Lockfile: 
  No lockfile
